#
#                               =====================
#                               | THE SDECAY OUTPUT |
#                               =====================
#
#
#              -----------------------------------------------------
#              |  SUSY Les Houches Accord - MSSM Spectrum + Decays |
#              |                                                   |
#              |                     SDECAY 1.3                    |
#              |                                                   |
#              |  Authors: M.Muhlleitner, A.Djouadi and Y.Mambrini |
#              |  Ref.:    Comput.Phys.Commun.168(2005)46          |
#              |           [hep-ph/0311167]                        |
#              |                                                   |
#              |  In case of problems please send an email to      |
#              |           muehlleitner@lapp.in2p3.fr              |
#              |           djouadi@mail.cern.ch                    |
#              |           yann.mambrini@th.u-psud.fr              |
#              |                                                   |
#              |  If not stated otherwise all DRbar couplings and  |
#              |  soft SUSY breaking masses are given at the scale |
#              |  Q=  0.56892042E+03
#              |                                                   |
#              -----------------------------------------------------
#
#
BLOCK DCINFO  # Decay Program information
     1   SDECAY      # decay calculator
     2   1.3         # version number
#
BLOCK SPINFO  # Spectrum calculator information
     1   SuSpect     # RGE +Spectrum calculator            
     2   2.43         # version number                     
#
BLOCK MODSEL  # Model selection
     1     1   # #SUGRA                                            
#
BLOCK SMINPUTS  # Standard Model inputs
         1     1.27934000E+02   # alpha_em^-1(M_Z)^MSbar
         2     1.16639000E-05   # G_F [GeV^-2]
         3     1.17200000E-01   # alpha_S(M_Z)^MSbar
         4     9.11870000E+01   # M_Z pole mass
         5     4.25000000E+00   # mb(mb)^MSbar
         6     1.72500000E+02   # mt pole mass
         7     1.77710000E+00   # mtau pole mass
#
BLOCK MINPAR  # Input parameters - minimal models
         1     1.00000000E+02   # m0                  
         2     2.50000000E+02   # m_1                 
         3     1.00000000E+01   # tanbeta(mZ)         
         4     1.00000000E+00   # sign(mu)            
         5    -1.00000000E+02   # A0                  
#
BLOCK EXTPAR  # Input parameters - non-minimal models
         0     6.00000000E+02   # High                
#
BLOCK MASS  # Mass Spectrum
# PDG code           mass       particle
        24     8.03952773E+01   # W+
        25     0.00000000E+00   # h
        35     9.11870000E+01   # H
        36     0.00000000E+00   # A
        37     8.04255242E+01   # H+
         5     4.87884274E+00   # b-quark pole mass calculated from mb(mb)_Msbar
   1000001     6.66323472E+02   # ~d_L
   2000001     6.46982053E+02   # ~d_R
   1000002     6.61548786E+02   # ~u_L
   2000002     6.47164819E+02   # ~u_R
   1000003     6.66323472E+02   # ~s_L
   2000003     6.46982053E+02   # ~s_R
   1000004     6.61548786E+02   # ~c_L
   2000004     6.47164819E+02   # ~c_R
   1000005     6.07046554E+02   # ~b_1
   2000005     6.41710656E+02   # ~b_2
   1000006     4.80594648E+02   # ~t_1
   2000006     6.73479074E+02   # ~t_2
   1000011     2.08495456E+02   # ~e_L
   2000011     1.43233087E+02   # ~e_R
   1000012     1.92691936E+02   # ~nu_eL
   1000013     2.08495456E+02   # ~mu_L
   2000013     1.43233087E+02   # ~mu_R
   1000014     1.92691936E+02   # ~nu_muL
   1000015     1.40321197E+02   # ~tau_1
   2000015     2.07558550E+02   # ~tau_2
   1000016     1.91644145E+02   # ~nu_tauL
   1000021     7.35704577E+02   # ~g
   1000022    -8.62982574E-10   # ~chi_10
   1000023    -4.28927690E+01   # ~chi_20
   1000025     1.01258125E+02   # ~chi_30
   1000035     2.12072407E+02   # ~chi_40
   1000024     6.03719847E+00   # ~chi_1+
   1000037     2.12164880E+02   # ~chi_2+
#
BLOCK NMIX  # Neutralino Mixing Matrix
  1  1     7.21518941E-11   # N_11
  1  2    -6.87453806E-11   # N_12
  1  3     9.95036900E-01   # N_13
  1  4     9.95066180E-02   # N_14
  2  1     2.88451953E-01   # N_21
  2  2    -3.26011271E-01   # N_22
  2  3     8.95842627E-02   # N_23
  2  4    -8.95816266E-01   # N_24
  3  1     9.48164359E-01   # N_31
  3  2     2.28195777E-01   # N_32
  3  3    -2.20067237E-02   # N_33
  3  4     2.20060762E-01   # N_34
  4  1     1.33340985E-01   # N_41
  4  2    -9.17411216E-01   # N_42
  4  3    -3.73085920E-02   # N_43
  4  4     3.73074942E-01   # N_44
#
BLOCK UMIX  # Chargino Mixing Matrix U
  1  1    -4.51392958E-02   # U_11
  1  2     9.98980703E-01   # U_12
  2  1     9.98980703E-01   # U_21
  2  2     4.51392958E-02   # U_22
#
BLOCK VMIX  # Chargino Mixing Matrix V
  1  1     5.32882782E-01   # V_11
  1  2    -8.46189069E-01   # V_12
  2  1     8.46189069E-01   # V_21
  2  2     5.32882782E-01   # V_22
#
BLOCK STOPMIX  # Stop Mixing Matrix
  1  1     5.44261541E-01   # cos(theta_t)
  1  2     8.38915595E-01   # sin(theta_t)
  2  1    -8.38915595E-01   # -sin(theta_t)
  2  2     5.44261541E-01   # cos(theta_t)
#
BLOCK SBOTMIX  # Sbottom Mixing Matrix
  1  1     9.97682763E-01   # cos(theta_b)
  1  2     6.80375221E-02   # sin(theta_b)
  2  1    -6.80375221E-02   # -sin(theta_b)
  2  2     9.97682763E-01   # cos(theta_b)
#
BLOCK STAUMIX  # Stau Mixing Matrix
  1  1     2.04086382E-02   # cos(theta_tau)
  1  2     9.99791722E-01   # sin(theta_tau)
  2  1    -9.99791722E-01   # -sin(theta_tau)
  2  2     2.04086382E-02   # cos(theta_tau)
#
BLOCK ALPHA  # Higgs mixing
          -1.46671168E+00   # Mixing angle in the neutral Higgs boson sector
#
BLOCK HMIX Q=  5.68920415E+02  # DRbar Higgs Parameters
         1     9.99999997E-07   # mu(Q)               
         2     9.99970574E+00   # tanbeta(Q)          
         3     2.39754470E+02   # vev(Q)              
         4                NaN   # MA^2(Q)             
#
BLOCK GAUGE Q=  5.68920415E+02  # The gauge couplings
     1     3.55424120E-01   # gprime(Q) DRbar
     2     6.65166534E-01   # g(Q) DRbar
     3     1.21922316E+00   # g3(Q) DRbar
#
BLOCK AU Q=  5.68920415E+02  # The trilinear couplings
  1  1    -8.68607290E+02   # A_u(Q) DRbar
  2  2    -8.68607290E+02   # A_c(Q) DRbar
  3  3    -6.39282147E+02   # A_t(Q) DRbar
#
BLOCK AD Q=  5.68920415E+02  # The trilinear couplings
  1  1    -1.09830513E+03   # A_d(Q) DRbar
  2  2    -1.09830513E+03   # A_s(Q) DRbar
  3  3    -1.01583837E+03   # A_b(Q) DRbar
#
BLOCK AE Q=  5.68920415E+02  # The trilinear couplings
  1  1    -2.70680261E+02   # A_e(Q) DRbar
  2  2    -2.70680261E+02   # A_mu(Q) DRbar
  3  3    -2.68565228E+02   # A_tau(Q) DRbar
#
BLOCK Yu Q=  5.68920415E+02  # The Yukawa couplings
  1  1     0.00000000E+00   # y_u(Q) DRbar
  2  2     0.00000000E+00   # y_c(Q) DRbar
  3  3     9.34429110E-01   # y_t(Q) DRbar
#
BLOCK Yd Q=  5.68920415E+02  # The Yukawa couplings
  1  1     0.00000000E+00   # y_d(Q) DRbar
  2  2     0.00000000E+00   # y_s(Q) DRbar
  3  3     1.69998022E-01   # y_b(Q) DRbar
#
BLOCK Ye Q=  5.68920415E+02  # The Yukawa couplings
  1  1     0.00000000E+00   # y_e(Q) DRbar
  2  2     0.00000000E+00   # y_mu(Q) DRbar
  3  3     1.04443896E-01   # y_tau(Q) DRbar
#
BLOCK MSOFT Q=  5.68920415E+02  # The soft SUSY breaking masses at the scale Q
         1     9.12343759E+01   # M_1                 
         2     1.79203387E+02   # M_2                 
         3     7.00679682E+02   # M_3                 
        21                NaN   # M^2_Hd              
        22                NaN   # M^2_Hu              
        31     2.02991095E+02   # M_eL                
        32     2.02991095E+02   # M_muL               
        33     2.01996734E+02   # M_tauL              
        34     1.36767999E+02   # M_eR                
        35     1.36767999E+02   # M_muR               
        36     1.33740013E+02   # M_tauR              
        41     6.63713174E+02   # M_q1L               
        42     6.63713174E+02   # M_q2L               
        43     6.04339094E+02   # M_q3L               
        44     6.48096539E+02   # M_uR                
        45     6.48096539E+02   # M_cR                
        46     5.22341308E+02   # M_tR                
        47     6.46515557E+02   # M_dR                
        48     6.46515557E+02   # M_sR                
        49     6.41077537E+02   # M_bR                
#
#
#
#                             =================
#                             |The decay table|
#                             =================
#
# - The QCD corrections to the decays gluino -> squark  + quark
#                                     squark -> gaugino + quark_prime
#                                     squark -> squark_prime + Higgs
#                                     squark -> gluino  + quark
#   are included.
#
# - The multi-body decays for the inos, stops and sbottoms are included.
#
# - The loop induced decays for the gluino, neutralinos and stops
#   are included.
#
# - The SUSY decays of the top quark are included.
#
#
#         PDG            Width
DECAY         6     1.57520105E+00   # top decays
#          BR         NDA      ID1       ID2
     9.75140657E-01    2           5        24   # BR(t ->  b    W+)
     2.48593434E-02    2           5        37   # BR(t ->  b    H+)
#
#         PDG            Width
DECAY   1000021     1.06775135E+01   # gluino decays
#          BR         NDA      ID1       ID2
     2.76983467E-02    2     1000001        -1   # BR(~g -> ~d_L  db)
     2.76983467E-02    2    -1000001         1   # BR(~g -> ~d_L* d )
     4.40527802E-02    2     2000001        -1   # BR(~g -> ~d_R  db)
     4.40527802E-02    2    -2000001         1   # BR(~g -> ~d_R* d )
     3.14266790E-02    2     1000002        -2   # BR(~g -> ~u_L  ub)
     3.14266790E-02    2    -1000002         2   # BR(~g -> ~u_L* u )
     4.38830708E-02    2     2000002        -2   # BR(~g -> ~u_R  ub)
     4.38830708E-02    2    -2000002         2   # BR(~g -> ~u_R* u )
     2.76983467E-02    2     1000003        -3   # BR(~g -> ~s_L  sb)
     2.76983467E-02    2    -1000003         3   # BR(~g -> ~s_L* s )
     4.40527802E-02    2     2000003        -3   # BR(~g -> ~s_R  sb)
     4.40527802E-02    2    -2000003         3   # BR(~g -> ~s_R* s )
     3.14266790E-02    2     1000004        -4   # BR(~g -> ~c_L  cb)
     3.14266790E-02    2    -1000004         4   # BR(~g -> ~c_L* c )
     4.38830708E-02    2     2000004        -4   # BR(~g -> ~c_R  cb)
     4.38830708E-02    2    -2000004         4   # BR(~g -> ~c_R* c )
     8.51776268E-02    2     1000005        -5   # BR(~g -> ~b_1  bb)
     8.51776268E-02    2    -1000005         5   # BR(~g -> ~b_1* b )
     4.89575963E-02    2     2000005        -5   # BR(~g -> ~b_2  bb)
     4.89575963E-02    2    -2000005         5   # BR(~g -> ~b_2* b )
     7.17430236E-02    2     1000006        -6   # BR(~g -> ~t_1  tb)
     7.17430236E-02    2    -1000006         6   # BR(~g -> ~t_1* t )
#
#         PDG            Width
DECAY   1000006                NaN   # stop1 decays
#          BR         NDA      ID1       ID2
                NaN    2     1000022         6   # BR(~t_1 -> ~chi_10 t )
                NaN    2     1000023         6   # BR(~t_1 -> ~chi_20 t )
                NaN    2     1000025         6   # BR(~t_1 -> ~chi_30 t )
                NaN    2     1000035         6   # BR(~t_1 -> ~chi_40 t )
                NaN    2     1000024         5   # BR(~t_1 -> ~chi_1+ b )
                NaN    2     1000037         5   # BR(~t_1 -> ~chi_2+ b )
                NaN    2     1000021         6   # BR(~t_1 -> ~g      t )
                NaN    2     1000005        37   # BR(~t_1 -> ~b_1    H+)
                NaN    2     2000005        37   # BR(~t_1 -> ~b_2    H+)
                NaN    2     1000005        24   # BR(~t_1 -> ~b_1    W+)
                NaN    2     2000005        24   # BR(~t_1 -> ~b_2    W+)
#
#         PDG            Width
DECAY   2000006                NaN   # stop2 decays
#          BR         NDA      ID1       ID2
                NaN    2     1000022         6   # BR(~t_2 -> ~chi_10 t )
                NaN    2     1000023         6   # BR(~t_2 -> ~chi_20 t )
                NaN    2     1000025         6   # BR(~t_2 -> ~chi_30 t )
                NaN    2     1000035         6   # BR(~t_2 -> ~chi_40 t )
                NaN    2     1000024         5   # BR(~t_2 -> ~chi_1+ b )
                NaN    2     1000037         5   # BR(~t_2 -> ~chi_2+ b )
                NaN    2     1000021         6   # BR(~t_2 -> ~g      t )
                NaN    2     1000006        25   # BR(~t_2 -> ~t_1    h )
                NaN    2     1000006        35   # BR(~t_2 -> ~t_1    H )
                NaN    2     1000006        36   # BR(~t_2 -> ~t_1    A )
                NaN    2     1000005        37   # BR(~t_2 -> ~b_1    H+)
                NaN    2     2000005        37   # BR(~t_2 -> ~b_2    H+)
                NaN    2     1000006        23   # BR(~t_2 -> ~t_1    Z )
                NaN    2     1000005        24   # BR(~t_2 -> ~b_1    W+)
                NaN    2     2000005        24   # BR(~t_2 -> ~b_2    W+)
#
#         PDG            Width
DECAY   1000005                NaN   # sbottom1 decays
#          BR         NDA      ID1       ID2
                NaN    2     1000022         5   # BR(~b_1 -> ~chi_10 b )
                NaN    2     1000023         5   # BR(~b_1 -> ~chi_20 b )
                NaN    2     1000025         5   # BR(~b_1 -> ~chi_30 b )
                NaN    2     1000035         5   # BR(~b_1 -> ~chi_40 b )
                NaN    2    -1000024         6   # BR(~b_1 -> ~chi_1- t )
                NaN    2    -1000037         6   # BR(~b_1 -> ~chi_2- t )
                NaN    2     1000021         5   # BR(~b_1 -> ~g      b )
                NaN    2     1000006       -37   # BR(~b_1 -> ~t_1    H-)
                NaN    2     2000006       -37   # BR(~b_1 -> ~t_2    H-)
                NaN    2     1000006       -24   # BR(~b_1 -> ~t_1    W-)
                NaN    2     2000006       -24   # BR(~b_1 -> ~t_2    W-)
#
#         PDG            Width
DECAY   2000005                NaN   # sbottom2 decays
#          BR         NDA      ID1       ID2
                NaN    2     1000022         5   # BR(~b_2 -> ~chi_10 b )
                NaN    2     1000023         5   # BR(~b_2 -> ~chi_20 b )
                NaN    2     1000025         5   # BR(~b_2 -> ~chi_30 b )
                NaN    2     1000035         5   # BR(~b_2 -> ~chi_40 b )
                NaN    2    -1000024         6   # BR(~b_2 -> ~chi_1- t )
                NaN    2    -1000037         6   # BR(~b_2 -> ~chi_2- t )
                NaN    2     1000021         5   # BR(~b_2 -> ~g      b )
                NaN    2     1000005        25   # BR(~b_2 -> ~b_1    h )
                NaN    2     1000005        35   # BR(~b_2 -> ~b_1    H )
                NaN    2     1000005        36   # BR(~b_2 -> ~b_1    A )
                NaN    2     1000006       -37   # BR(~b_2 -> ~t_1    H-)
                NaN    2     2000006       -37   # BR(~b_2 -> ~t_2    H-)
                NaN    2     1000005        23   # BR(~b_2 -> ~b_1    Z )
                NaN    2     1000006       -24   # BR(~b_2 -> ~t_1    W-)
                NaN    2     2000006       -24   # BR(~b_2 -> ~t_2    W-)
#
#         PDG            Width
DECAY   1000002     7.30356422E+00   # sup_L decays
#          BR         NDA      ID1       ID2
     1.20037933E-21    2     1000022         2   # BR(~u_L -> ~chi_10 u)
     2.87903849E-02    2     1000023         2   # BR(~u_L -> ~chi_20 u)
     5.80052874E-02    2     1000025         2   # BR(~u_L -> ~chi_30 u)
     2.48841941E-01    2     1000035         2   # BR(~u_L -> ~chi_40 u)
     2.18237169E-01    2     1000024         1   # BR(~u_L -> ~chi_1+ d)
     4.46125218E-01    2     1000037         1   # BR(~u_L -> ~chi_2+ d)
#
#         PDG            Width
DECAY   2000002     1.33597181E+00   # sup_R decays
#          BR         NDA      ID1       ID2
     5.44633577E-21    2     1000022         2   # BR(~u_R -> ~chi_10 u)
     8.64467066E-02    2     1000023         2   # BR(~u_R -> ~chi_20 u)
     8.98623682E-01    2     1000025         2   # BR(~u_R -> ~chi_30 u)
     1.49296116E-02    2     1000035         2   # BR(~u_R -> ~chi_40 u)
#
#         PDG            Width
DECAY   1000001     7.03953572E+00   # sdown_L decays
#          BR         NDA      ID1       ID2
     2.67045854E-21    2     1000022         1   # BR(~d_L -> ~chi_10 d)
     5.67574734E-02    2     1000023         1   # BR(~d_L -> ~chi_20 d)
     1.35210624E-03    2     1000025         1   # BR(~d_L -> ~chi_30 d)
     2.89056009E-01    2     1000035         1   # BR(~d_L -> ~chi_40 d)
     1.63468016E-03    2    -1000024         2   # BR(~d_L -> ~chi_1- u)
     6.51199731E-01    2    -1000037         2   # BR(~d_L -> ~chi_2- u)
#
#         PDG            Width
DECAY   2000001     3.33901914E-01   # sdown_R decays
#          BR         NDA      ID1       ID2
     5.44648728E-21    2     1000022         1   # BR(~d_R -> ~chi_10 d)
     8.64486925E-02    2     1000023         1   # BR(~d_R -> ~chi_20 d)
     8.98623308E-01    2     1000025         1   # BR(~d_R -> ~chi_30 d)
     1.49279993E-02    2     1000035         1   # BR(~d_R -> ~chi_40 d)
#
#         PDG            Width
DECAY   1000004     7.30356422E+00   # scharm_L decays
#          BR         NDA      ID1       ID2
     1.20037933E-21    2     1000022         4   # BR(~c_L -> ~chi_10 c)
     2.87903849E-02    2     1000023         4   # BR(~c_L -> ~chi_20 c)
     5.80052874E-02    2     1000025         4   # BR(~c_L -> ~chi_30 c)
     2.48841941E-01    2     1000035         4   # BR(~c_L -> ~chi_40 c)
     2.18237169E-01    2     1000024         3   # BR(~c_L -> ~chi_1+ s)
     4.46125218E-01    2     1000037         3   # BR(~c_L -> ~chi_2+ s)
#
#         PDG            Width
DECAY   2000004     1.33597181E+00   # scharm_R decays
#          BR         NDA      ID1       ID2
     5.44633577E-21    2     1000022         4   # BR(~c_R -> ~chi_10 c)
     8.64467066E-02    2     1000023         4   # BR(~c_R -> ~chi_20 c)
     8.98623682E-01    2     1000025         4   # BR(~c_R -> ~chi_30 c)
     1.49296116E-02    2     1000035         4   # BR(~c_R -> ~chi_40 c)
#
#         PDG            Width
DECAY   1000003     7.03953572E+00   # sstrange_L decays
#          BR         NDA      ID1       ID2
     2.67045854E-21    2     1000022         3   # BR(~s_L -> ~chi_10 s)
     5.67574734E-02    2     1000023         3   # BR(~s_L -> ~chi_20 s)
     1.35210624E-03    2     1000025         3   # BR(~s_L -> ~chi_30 s)
     2.89056009E-01    2     1000035         3   # BR(~s_L -> ~chi_40 s)
     1.63468016E-03    2    -1000024         4   # BR(~s_L -> ~chi_1- c)
     6.51199731E-01    2    -1000037         4   # BR(~s_L -> ~chi_2- c)
#
#         PDG            Width
DECAY   2000003     3.33901914E-01   # sstrange_R decays
#          BR         NDA      ID1       ID2
     5.44648728E-21    2     1000022         3   # BR(~s_R -> ~chi_10 s)
     8.64486925E-02    2     1000023         3   # BR(~s_R -> ~chi_20 s)
     8.98623308E-01    2     1000025         3   # BR(~s_R -> ~chi_30 s)
     1.49279993E-02    2     1000035         3   # BR(~s_R -> ~chi_40 s)
#
#         PDG            Width
DECAY   1000011     3.17914997E-01   # selectron_L decays
#          BR         NDA      ID1       ID2
     2.63102962E-21    2     1000022        11   # BR(~e_L -> ~chi_10 e-)
     7.82054149E-02    2     1000023        11   # BR(~e_L -> ~chi_20 e-)
     9.10052168E-01    2     1000025        11   # BR(~e_L -> ~chi_30 e-)
     1.17424167E-02    2    -1000024        12   # BR(~e_L -> ~chi_1- nu_e)
#
#         PDG            Width
DECAY   2000011     2.11596847E-01   # selectron_R decays
#          BR         NDA      ID1       ID2
     1.77126510E-20    2     1000022        11   # BR(~e_R -> ~chi_10 e-)
     2.34598924E-01    2     1000023        11   # BR(~e_R -> ~chi_20 e-)
     7.65401076E-01    2     1000025        11   # BR(~e_R -> ~chi_30 e-)
#
#         PDG            Width
DECAY   1000013     3.17914997E-01   # smuon_L decays
#          BR         NDA      ID1       ID2
     2.63102962E-21    2     1000022        13   # BR(~mu_L -> ~chi_10 mu-)
     7.82054149E-02    2     1000023        13   # BR(~mu_L -> ~chi_20 mu-)
     9.10052168E-01    2     1000025        13   # BR(~mu_L -> ~chi_30 mu-)
     1.17424167E-02    2    -1000024        14   # BR(~mu_L -> ~chi_1- nu_mu)
#
#         PDG            Width
DECAY   2000013     2.11596847E-01   # smuon_R decays
#          BR         NDA      ID1       ID2
     1.77126510E-20    2     1000022        13   # BR(~mu_R -> ~chi_10 mu-)
     2.34598924E-01    2     1000023        13   # BR(~mu_R -> ~chi_20 mu-)
     7.65401076E-01    2     1000025        13   # BR(~mu_R -> ~chi_30 mu-)
#
#         PDG            Width
DECAY   1000015     2.55050356E-01   # stau_1 decays
#          BR         NDA      ID1       ID2
     1.18176920E-01    2     1000022        15   # BR(~tau_1 -> ~chi_10  tau-)
     1.90780810E-01    2     1000023        15   # BR(~tau_1 -> ~chi_20  tau-)
     5.70980450E-01    2     1000025        15   # BR(~tau_1 -> ~chi_30  tau-)
     1.20061820E-01    2    -1000024        16   # BR(~tau_1 -> ~chi_1-  nu_tau)
#
#         PDG            Width
DECAY   2000015     3.99326811E-01   # stau_2 decays
#          BR         NDA      ID1       ID2
     1.11666557E-01    2     1000022        15   # BR(~tau_2 -> ~chi_10  tau-)
     6.20279800E-02    2     1000023        15   # BR(~tau_2 -> ~chi_20  tau-)
     7.16885151E-01    2     1000025        15   # BR(~tau_2 -> ~chi_30  tau-)
     8.02950758E-03    2    -1000024        16   # BR(~tau_2 -> ~chi_1-  nu_tau)
     5.06294010E-02    2     1000015        25   # BR(~tau_2 -> ~tau_1   h)
     5.07614026E-02    2     1000015        36   # BR(~tau_2 -> ~tau_1   A)
#
#         PDG            Width
DECAY   1000012     6.91754522E-01   # snu_eL decays
#          BR         NDA      ID1       ID2
     1.41144239E-20    2     1000022        12   # BR(~nu_eL -> ~chi_10 nu_e)
     2.55311962E-01    2     1000023        12   # BR(~nu_eL -> ~chi_20 nu_e)
     4.98032715E-02    2     1000025        12   # BR(~nu_eL -> ~chi_30 nu_e)
     6.94884767E-01    2     1000024        11   # BR(~nu_eL -> ~chi_1+ e-)
#
#         PDG            Width
DECAY   1000014     6.91754522E-01   # snu_muL decays
#          BR         NDA      ID1       ID2
     1.41144239E-20    2     1000022        14   # BR(~nu_muL -> ~chi_10 nu_mu)
     2.55311962E-01    2     1000023        14   # BR(~nu_muL -> ~chi_20 nu_mu)
     4.98032715E-02    2     1000025        14   # BR(~nu_muL -> ~chi_30 nu_mu)
     6.94884767E-01    2     1000024        13   # BR(~nu_muL -> ~chi_1+ mu-)
#
#         PDG            Width
DECAY   1000016     7.28994166E-01   # snu_tauL decays
#          BR         NDA      ID1       ID2
     1.33205797E-20    2     1000022        16   # BR(~nu_tauL -> ~chi_10 nu_tau)
     2.40676944E-01    2     1000023        16   # BR(~nu_tauL -> ~chi_20 nu_tau)
     4.66097774E-02    2     1000025        16   # BR(~nu_tauL -> ~chi_30 nu_tau)
     7.12713279E-01    2     1000024        15   # BR(~nu_tauL -> ~chi_1+ tau-)
#
#         PDG            Width
DECAY   1000024     1.68258813E-09   # chargino1+ decays
#           BR         NDA      ID1       ID2       ID3
     3.51228246E-01    3     1000022         2        -1   # BR(~chi_1+ -> ~chi_10 u    db)
     3.51228246E-01    3     1000022         4        -3   # BR(~chi_1+ -> ~chi_10 c    sb)
     1.17076082E-01    3     1000022       -11        12   # BR(~chi_1+ -> ~chi_10 e+   nu_e)
     1.17076082E-01    3     1000022       -13        14   # BR(~chi_1+ -> ~chi_10 mu+  nu_mu)
     6.33913435E-02    3     1000022       -15        16   # BR(~chi_1+ -> ~chi_10 tau+ nu_tau)
#
#         PDG            Width
DECAY   1000037     2.59015920E+00   # chargino2+ decays
#          BR         NDA      ID1       ID2
     7.91798996E-03    2     1000012       -11   # BR(~chi_2+ -> ~nu_eL   e+  )
     7.91798996E-03    2     1000014       -13   # BR(~chi_2+ -> ~nu_muL  mu+ )
     8.70525494E-03    2     1000016       -15   # BR(~chi_2+ -> ~nu_tau1 tau+)
     4.23045526E-04    2    -1000011        12   # BR(~chi_2+ -> ~e_L+    nu_e)
     4.23045526E-04    2    -1000013        14   # BR(~chi_2+ -> ~mu_L+   nu_mu)
     2.01874460E-05    2    -1000015        16   # BR(~chi_2+ -> ~tau_1+  nu_tau)
     6.63604873E-04    2    -2000015        16   # BR(~chi_2+ -> ~tau_2+  nu_tau)
     1.17573403E-01    2     1000024        23   # BR(~chi_2+ -> ~chi_1+  Z )
     5.72309936E-03    2     1000022        24   # BR(~chi_2+ -> ~chi_10  W+)
     2.09400440E-01    2     1000023        24   # BR(~chi_2+ -> ~chi_20  W+)
     3.36430948E-02    2     1000025        24   # BR(~chi_2+ -> ~chi_30  W+)
     1.26294468E-01    2     1000024        25   # BR(~chi_2+ -> ~chi_1+  h )
     8.82237326E-02    2     1000024        35   # BR(~chi_2+ -> ~chi_1+  H )
     1.28490678E-01    2     1000024        36   # BR(~chi_2+ -> ~chi_1+  A )
     2.58623105E-01    2     1000022        37   # BR(~chi_2+ -> ~chi_10  H+)
     5.85668342E-03    2     1000023        37   # BR(~chi_2+ -> ~chi_20  H+)
     1.00177506E-04    2     1000025        37   # BR(~chi_2+ -> ~chi_30  H+)
#
#         PDG            Width
DECAY   1000022     0.00000000E+00   # neutralino1 decays
#
#         PDG            Width
DECAY   1000023     4.17753490E-02   # neutralino2 decays
#          BR         NDA      ID1       ID2
     4.99549150E-01    2     1000022        25   # BR(~chi_20 -> ~chi_10   h )
     5.00450850E-01    2     1000022        36   # BR(~chi_20 -> ~chi_10   A )
#
#         PDG            Width
DECAY   1000025     9.45438927E-02   # neutralino3 decays
#          BR         NDA      ID1       ID2
     6.71308703E-04    2     1000022        23   # BR(~chi_30 -> ~chi_10   Z )
     1.50184764E-01    2     1000024       -24   # BR(~chi_30 -> ~chi_1+   W-)
     1.50184764E-01    2    -1000024        24   # BR(~chi_30 -> ~chi_1-   W+)
     1.75246586E-01    2     1000022        25   # BR(~chi_30 -> ~chi_10   h )
     2.67337367E-04    2     1000022        35   # BR(~chi_30 -> ~chi_10   H )
     1.75562910E-01    2     1000022        36   # BR(~chi_30 -> ~chi_10   A )
     5.49265922E-04    2     1000023        25   # BR(~chi_30 -> ~chi_20   h )
     3.20882563E-03    2     1000023        36   # BR(~chi_30 -> ~chi_20   A )
     1.72062119E-01    2     1000024       -37   # BR(~chi_30 -> ~chi_1+   H-)
     1.72062119E-01    2    -1000024        37   # BR(~chi_30 -> ~chi_1-   H+)
#
#         PDG            Width
DECAY   1000035     2.74896203E+00   # neutralino4 decays
#          BR         NDA      ID1       ID2
     5.92201028E-03    2     1000022        23   # BR(~chi_40 -> ~chi_10   Z )
     7.98970668E-02    2     1000023        23   # BR(~chi_40 -> ~chi_20   Z )
     4.20320011E-03    2     1000025        23   # BR(~chi_40 -> ~chi_30   Z )
     1.57866865E-01    2     1000024       -24   # BR(~chi_40 -> ~chi_1+   W-)
     1.57866865E-01    2    -1000024        24   # BR(~chi_40 -> ~chi_1-   W+)
     1.59141735E-01    2     1000022        25   # BR(~chi_40 -> ~chi_10   h )
     4.51422881E-03    2     1000022        35   # BR(~chi_40 -> ~chi_10   H )
     1.59428990E-01    2     1000022        36   # BR(~chi_40 -> ~chi_10   A )
     2.13904420E-03    2     1000023        25   # BR(~chi_40 -> ~chi_20   h )
     2.79611326E-02    2     1000023        35   # BR(~chi_40 -> ~chi_20   H )
     4.65290698E-03    2     1000023        36   # BR(~chi_40 -> ~chi_20   A )
     1.22251751E-03    2     1000025        25   # BR(~chi_40 -> ~chi_30   h )
     1.42480377E-02    2     1000025        35   # BR(~chi_40 -> ~chi_30   H )
     1.46446902E-04    2     1000025        36   # BR(~chi_40 -> ~chi_30   A )
     9.11159897E-02    2     1000024       -37   # BR(~chi_40 -> ~chi_1+   H-)
     9.11159897E-02    2    -1000024        37   # BR(~chi_40 -> ~chi_1-   H+)
     1.35992472E-04    2     1000011       -11   # BR(~chi_40 -> ~e_L-     e+)
     1.35992472E-04    2    -1000011        11   # BR(~chi_40 -> ~e_L+     e-)
     1.01954643E-03    2     2000011       -11   # BR(~chi_40 -> ~e_R-     e+)
     1.01954643E-03    2    -2000011        11   # BR(~chi_40 -> ~e_R+     e-)
     1.35992472E-04    2     1000013       -13   # BR(~chi_40 -> ~mu_L-    mu+)
     1.35992472E-04    2    -1000013        13   # BR(~chi_40 -> ~mu_L+    mu-)
     1.01954643E-03    2     2000013       -13   # BR(~chi_40 -> ~mu_R-    mu+)
     1.01954643E-03    2    -2000013        13   # BR(~chi_40 -> ~mu_R+    mu-)
     1.09471585E-03    2     1000015       -15   # BR(~chi_40 -> ~tau_1-   tau+)
     1.09471585E-03    2    -1000015        15   # BR(~chi_40 -> ~tau_1+   tau-)
     1.96461336E-04    2     2000015       -15   # BR(~chi_40 -> ~tau_2-   tau+)
     1.96461336E-04    2    -2000015        15   # BR(~chi_40 -> ~tau_2+   tau-)
     5.04820710E-03    2     1000012       -12   # BR(~chi_40 -> ~nu_eL    nu_eb)
     5.04820710E-03    2    -1000012        12   # BR(~chi_40 -> ~nu_eL*   nu_e )
     5.04820710E-03    2     1000014       -14   # BR(~chi_40 -> ~nu_muL   nu_mub)
     5.04820710E-03    2    -1000014        14   # BR(~chi_40 -> ~nu_muL*  nu_mu )
     5.57981710E-03    2     1000016       -16   # BR(~chi_40 -> ~nu_tau1  nu_taub)
     5.57981710E-03    2    -1000016        16   # BR(~chi_40 -> ~nu_tau1* nu_tau )
