CAUTION UNRELIABLE OUTPUT! check errmess below
             SUSPECT2.4 OUTPUT: MSUGRA CASE
             ------------------------------

Input values:
-------------
  m_0        m_1/2      A_0        tan(beta)  sign(mu)
  100.0      250.0     -100.0      10.00      1.000    

  M_top      mb_mb      M_tau      1/alpha    sw**2(M_Z)   alpha_S
  172.5      4.250      1.777      127.93     0.2221       0.1172    

  M_GUT      M_EWSB     E_LOW       (input or ouput scales)
 0.2327E+17  561.8      91.19    

Fermion masses and gauge couplings: Q=HIGH/EWSB
---------------------------------------------
  M_top      M_bot      M_tau        g1         g2         g3
  70.90      1.014      1.328     0.7260     0.7260     0.7067    
  159.0      2.892      1.777     0.4589     0.6652      1.219    

mu parameter and soft terms at M_EWSB:
--------------------------------------
  mu         B          M^2_Hu       M^2_Hd
 0.1000E-05        NaN        NaN          NaN

  M_1        M_2        M_3
  91.23      179.2      700.7    

  m_tauR     m_tauL     m_bR       m_tR       m_QL
  133.7      202.0      641.1      522.3      604.3    

  m_eR       m_eL       m_dR       m_uR       m_qL
  136.8      203.0      646.5      648.1      663.7    

  Atau       Abottom    Atop       Al         Ad         Au
 -268.6     -1016.     -639.3     -270.7     -1098.     -868.6    

Mass matrices and mixing angles:
--------------------------------
  tan(beta)  alpha_(h,H)
  10.00     -1.467    

  thet_tau    thet_b           thet_t
  1.550     0.6809E-01 0.9953    

  Z(i,j)
  0.7215E-10 -0.6875E-10  0.9950      0.9951E-01
  0.2885     -0.3260      0.8958E-01 -0.8958    
  0.9482      0.2282     -0.2201E-01  0.2201    
  0.1333     -0.9174     -0.3731E-01  0.3731    

  U(i,j)                  V(i,j)
 -0.4514E-01  0.9990      0.5329     -0.8462    
  0.9990      0.4514E-01  0.8462      0.5329    

Final Higgs and SUSY particle masses: 
------------------------------------- 

MA**2 <0! NO further Higgs masses calculated

  chi+_1     chi+_2     chi0_1     chi0_2     chi0_3     chi0_4
  6.037      212.2    -0.8630E-09 -42.89      101.3      212.1    

  gluino
  735.7    

  stop_1     stop_2     sup_1      sup_2
  480.6      673.5      661.5      647.2    

  sbot_1     sbot_2     sdown_1    sdown_2
  607.0      641.7      666.3      647.0    

  stau_1     stau_2     snutau     selec_1    selec_2    snuelec
  140.3      207.6      191.6      208.5      143.2      192.7    

Low-energy/LEP precision parameter values:
 Delta_rho   g_mu -2   Br(b->s gamma)
  0.000      0.000      0.000    
Fine-tuning values for info: fine-tuned if >>1
dmZ^2/mZ^2(mu^2) dmZ^2/mZ^2(B.mu) dmt/mt(mu)     dmt/mt(B.mu)
  0.000      0.000      0.000      0.000    

Warning/Error Flags: errmess(1)-(10):
-------------------------------------
   0. 0. 0. 0. 0. 0. 0. 0. 0.-1.
---------------------------------
errmess(i)= 0: Everything is fine.
errmess(1)=-1: tachyon 3rd gen. sfermion from RGE
errmess(2)=-1: tachyon 1,2 gen. sfermion from RGE
errmess(3)=-1: tachyon A    (maybe temporary: see final mass) 
errmess(4)=-1: tachyon 3rd gen. sfermion from mixing
errmess(5)=-1: mu unstable after many iter
errmess(6)=-1: non-convergent mu from EWSB 
errmess(7)=-1: EWSB maybe inconsistent        (!but RG-improved only check)
errmess(8)=-1: V_eff maybe UFB or CCB         (!but RG-improved only check)
errmess(9)=-1: Higgs boson masses are NaN 
errmess(10)=-1: RGE problems (non-pert and/or Landau poles)
STOP: non-pert. R.C., or Landau pole in RGE!
