#
#                               =====================
#                              | SuSpect 2.43 OUTPUT |
#                               =====================
#
#
#              -----------------------------------------------------
#              |  SUSY Les Houches Accord - MSSM Spectrum          |
#              |                                                   |
#              |                     SuSpect 2.43                  |
#              |                                                   |
#              |  Authors: A.Djouadi, J.-L. Kneur and G. Moultaka  |
#              |  Ref.:    hep-ph/0211331                          |
#              |                                                   |
#              -----------------------------------------------------
#
#
BLOCK SPINFO  # Spectrum Program information
     1   SuSpect     # RGE +Spectrum calculator
     2   2.43         # version number
# Caution: warning or error message follows 
     4   STOP: non-pert. R.C., or Landau pole in RGE
     3   Pb: non-convergent spectrum after 50 iter.!
#
BLOCK MODSEL  # Model selection
     1     1   #SUGRA                                             
#
BLOCK MINPAR  # Input parameters
         1     1.00000000E+02   #  m0                 
         2     2.50000000E+02   #  m_1/2              
         3     1.00000000E+01   #  tanbeta(mZ)        
         4     1.00000000E+00   #  sign(mu)           
         5    -1.00000000E+02   #  A0                 
#
BLOCK EXTPAR  # Input parameters
         0     5.68920415E+02   # EWSB scale          
         0     6.00000000E+02   # High boundary scale 
#
BLOCK SMINPUTS  # Standard Model inputs
         1     1.27934000E+02   # alpha_em^-1(M_Z)^MSbar
         2     1.16639000E-05   # G_F [GeV^-2]
         3     1.17200000E-01   # alpha_S(M_Z)^MSbar
         4     9.11870000E+01   # M_Z pole mass
         5     4.25000000E+00   # mb(mb)^MSbar
         6     1.72500000E+02   # mt pole mass
         7     1.77710000E+00   # mtau pole mass
#
BLOCK MASS  # Mass Spectrum
# PDG code           mass       particle
        24     8.03952773E+01   # W+
        25     0.00000000E+00   # h
        35     9.11870000E+01   # H
        36     0.00000000E+00   # A
        37     8.04255242E+01   # H+
         5     4.87884274E+00   # b pole mass calculated from mb(mb)_MSbar
   1000001     6.66323472E+02   # ~d_L
   2000001     6.46982053E+02   # ~d_R
   1000002     6.61548786E+02   # ~u_L
   2000002     6.47164819E+02   # ~u_R
   1000003     6.66323472E+02   # ~s_L
   2000003     6.46982053E+02   # ~s_R
   1000004     6.61548786E+02   # ~c_L
   2000004     6.47164819E+02   # ~c_R
   1000005     6.07046554E+02   # ~b_1
   2000005     6.41710656E+02   # ~b_2
   1000006     4.80594648E+02   # ~t_1
   2000006     6.73479074E+02   # ~t_2
   1000011     2.08495456E+02   # ~e_L
   2000011     1.43233087E+02   # ~e_R
   1000012     1.92691936E+02   # ~nu_eL
   1000013     2.08495456E+02   # ~mu_L
   2000013     1.43233087E+02   # ~mu_R
   1000014     1.92691936E+02   # ~nu_muL
   1000015     1.40321197E+02   # ~tau_1
   2000015     2.07558550E+02   # ~tau_2
   1000016     1.91644145E+02   # ~nu_tauL
   1000021     7.35704577E+02   # ~g
   1000022    -8.62982574E-10   # ~chi_10
   1000023    -4.28927690E+01   # ~chi_20
   1000025     1.01258125E+02   # ~chi_30
   1000035     2.12072407E+02   # ~chi_40
   1000024     6.03719847E+00   # ~chi_1+
   1000037     2.12164880E+02   # ~chi_2+
#
BLOCK SU_LOWPAR  # Values constrained by exp data 
         1     0.00000000E+00   # Delta rho parameter
         2     0.00000000E+00   # g_mu -2
         3     0.00000000E+00   # Br(b -> s gamma)
#
BLOCK SU_FINETUNE  # Fine-tuning info: fine-tuned if >>1
         1     0.00000000E+00   # delta mZ^2/mZ^2 (mu^2)
         2     0.00000000E+00   # delta mZ^2/mZ^2 (B.mu)
         3     0.00000000E+00   # delta mt/mt (mu^2)
         4     0.00000000E+00   # delta mt/mt  (B.mu)
#
BLOCK NMIX  # Neutralino Mixing Matrix
  1  1     7.21518941E-11   # N_11
  1  2    -6.87453806E-11   # N_12
  1  3     9.95036900E-01   # N_13
  1  4     9.95066180E-02   # N_14
  2  1     2.88451953E-01   # N_21
  2  2    -3.26011271E-01   # N_22
  2  3     8.95842627E-02   # N_23
  2  4    -8.95816266E-01   # N_24
  3  1     9.48164359E-01   # N_31
  3  2     2.28195777E-01   # N_32
  3  3    -2.20067237E-02   # N_33
  3  4     2.20060762E-01   # N_34
  4  1     1.33340985E-01   # N_41
  4  2    -9.17411216E-01   # N_42
  4  3    -3.73085920E-02   # N_43
  4  4     3.73074942E-01   # N_44
#
BLOCK UMIX  # Chargino Mixing Matrix U
  1  1    -4.51392958E-02   # U_11
  1  2     9.98980703E-01   # U_12
  2  1     9.98980703E-01   # U_21
  2  2     4.51392958E-02   # U_22
#
BLOCK VMIX  # Chargino Mixing Matrix V
  1  1     5.32882782E-01   # V_11
  1  2    -8.46189069E-01   # V_12
  2  1     8.46189069E-01   # V_21
  2  2     5.32882782E-01   # V_22
#
BLOCK STOPMIX  # Stop Mixing Matrix
  1  1     5.44261541E-01   # cos(theta_t)
  1  2     8.38915594E-01   # sin(theta_t)
  2  1    -8.38915594E-01   # -sin(theta_t)
  2  2     5.44261541E-01   # cos(theta_t)
#
BLOCK SBOTMIX  # Sbottom Mixing Matrix
  1  1     9.97682763E-01   # cos(theta_b)
  1  2     6.80375263E-02   # sin(theta_b)
  2  1    -6.80375263E-02   # -sin(theta_b)
  2  2     9.97682763E-01   # cos(theta_b)
#
BLOCK STAUMIX  # Stau Mixing Matrix
  1  1     2.04086382E-02   # cos(theta_tau)
  1  2     9.99791722E-01   # sin(theta_tau)
  2  1    -9.99791722E-01   # -sin(theta_tau)
  2  2     2.04086382E-02   # cos(theta_tau)
#
BLOCK ALPHA  # Higgs mixing
          -1.46671168E+00   # Mixing angle in the neutral Higgs boson sector
#
BLOCK HMIX Q=  5.68920415E+02  # DRbar Higgs Parameters
     1     9.99999997E-07   # mu(Q)
     2     9.99970574E+00   # tanbeta(Q)
     3     2.39754470E+02   # vev(Q)
     4                NaN   # MA^2(Q)
#
BLOCK GAUGE Q=  5.68920415E+02  # The gauge couplings
     1     3.55424120E-01   # gprime(Q) DRbar
     2     6.65166534E-01   # g(Q) DRbar
     3     1.21922316E+00   # g_3(Q) DRbar
#
BLOCK Au Q=  5.68920415E+02  # The trilinear couplings
  1  1    -8.68607290E+02   # A_u(Q) DRbar
  2  2    -8.68607290E+02   # A_c(Q) DRbar
  3  3    -6.39282147E+02   # A_t(Q) DRbar
#
BLOCK Ad Q=  5.68920415E+02  # The trilinear couplings
  1  1    -1.09830513E+03   # A_d(Q) DRbar
  2  2    -1.09830513E+03   # A_s(Q) DRbar
  3  3    -1.01583837E+03   # A_b(Q) DRbar
#
BLOCK Ae Q=  5.68920415E+02  # The trilinear couplings
  1  1    -2.70680261E+02   # A_e(Q) DRbar
  2  2    -2.70680261E+02   # A_mu(Q) DRbar
  3  3    -2.68565228E+02   # A_tau(Q) DRbar
#
BLOCK Yu Q=  5.68920415E+02  # The Yukawa couplings
  3  3     9.34429110E-01   # y_top(Q) DRbar
#
BLOCK Yd Q=  5.68920415E+02  # The Yukawa couplings
  3  3     1.69998022E-01   # y_b(Q) DRbar
#
BLOCK Ye Q=  5.68920415E+02  # The Yukawa couplings
  3  3     1.04443896E-01   # y_tau(Q) DRbar
#
BLOCK MSOFT Q=  5.68920415E+02  # soft SUSY breaking masses at the scale Q
         1     9.12343759E+01   # M_1
         2     1.79203387E+02   # M_2
         3     7.00679682E+02   # M_3
        21                NaN   # M^2_Hd
        22                NaN   # M^2_Hu
        31     2.02991095E+02   # M_eL
        32     2.02991095E+02   # M_muL
        33     2.01996734E+02   # M_tauL
        34     1.36767999E+02   # M_eR
        35     1.36767999E+02   # M_muR
        36     1.33740013E+02   # M_tauR
        41     6.63713174E+02   # M_q1L
        42     6.63713174E+02   # M_q2L
        43     6.04339094E+02   # M_q3L
        44     6.48096539E+02   # M_uR
        45     6.48096539E+02   # M_cR
        46     5.22341308E+02   # M_tR
        47     6.46515557E+02   # M_dR
        48     6.46515557E+02   # M_sR
        49     6.41077537E+02   # M_bR
