#
#                               =====================
#                              | SuSpect 2.43 OUTPUT |
#                               =====================
#
#
#              -----------------------------------------------------
#              |  SUSY Les Houches Accord - MSSM Spectrum          |
#              |                                                   |
#              |                     SuSpect 2.43                  |
#              |                                                   |
#              |  Authors: A.Djouadi, J.-L. Kneur and G. Moultaka  |
#              |  Ref.:    hep-ph/0211331                          |
#              |                                                   |
#              -----------------------------------------------------
#
#
BLOCK SPINFO  # Spectrum Program information
     1   SuSpect     # RGE +Spectrum calculator
     2   2.43         # version number
# nothing to signal: output a priori reliable
#
BLOCK MODSEL  # Model selection
     1     1   #SUGRA                                             
#
BLOCK MINPAR  # Input parameters
         1     6.18300000E+03   #  m0                 
         2     4.70000000E+02   #  m_1/2              
         3     5.21000000E+01   #  tanbeta(mZ)        
         4     1.00000000E+00   #  sign(mu)           
         5    -4.46900000E+03   #  A0                 
#
BLOCK EXTPAR  # Input parameters
         0     3.83853752E+03   # EWSB scale          
#
BLOCK SMINPUTS  # Standard Model inputs
         1     1.27934000E+02   # alpha_em^-1(M_Z)^MSbar
         2     1.16639000E-05   # G_F [GeV^-2]
         3     1.18000000E-01   # alpha_S(M_Z)^MSbar
         4     9.11876000E+01   # M_Z pole mass
         5     4.00000000E+00   # mb(mb)^MSbar
         6     1.73300000E+02   # mt pole mass
         7     1.77700000E+00   # mtau pole mass
#
BLOCK MASS  # Mass Spectrum
# PDG code           mass       particle
        24     8.04852265E+01   # W+
        25     1.23960100E+02   # h
        35     1.16441838E+03   # H
        36     1.16447735E+03   # A
        37     1.16762466E+03   # H+
         5     4.61707695E+00   # b pole mass calculated from mb(mb)_MSbar
   1000001     6.17239828E+03   # ~d_L
   2000001     6.19290141E+03   # ~d_R
   1000002     6.17190461E+03   # ~u_L
   2000002     6.18950266E+03   # ~u_R
   1000003     6.17239828E+03   # ~s_L
   2000003     6.19290141E+03   # ~s_R
   1000004     6.17190461E+03   # ~c_L
   2000004     6.18950266E+03   # ~c_R
   1000005     4.13235968E+03   # ~b_1
   2000005     4.59113034E+03   # ~b_2
   1000006     3.57695979E+03   # ~t_1
   2000006     4.11220468E+03   # ~t_2
   1000011     6.16053688E+03   # ~e_L
   2000011     6.17383062E+03   # ~e_R
   1000012     6.16005020E+03   # ~nu_eL
   1000013     6.16053688E+03   # ~mu_L
   2000013     6.17383062E+03   # ~mu_R
   1000014     6.16005020E+03   # ~nu_muL
   1000015     4.14589316E+03   # ~tau_1
   2000015     5.25358106E+03   # ~tau_2
   1000016     5.25297979E+03   # ~nu_tauL
   1000021     1.35444478E+03   # ~g
   1000022     2.06945868E+02   # ~chi_10
   1000023     4.05869043E+02   # ~chi_20
   1000025    -5.98055011E+02   # ~chi_30
   1000035     6.12895580E+02   # ~chi_40
   1000024     4.05778858E+02   # ~chi_1+
   1000037     6.13201743E+02   # ~chi_2+
#
BLOCK SU_LOWPAR  # Values constrained by exp data 
         1     2.54776683E-04   # Delta rho parameter
         2     5.98139542E-11   # g_mu -2
         3     3.52933492E-04   # Br(b -> s gamma)
#
BLOCK SU_FINETUNE  # Fine-tuning info: fine-tuned if >>1
         1     8.23436520E+01   # delta mZ^2/mZ^2 (mu^2)
         2     2.37400930E-01   # delta mZ^2/mZ^2 (B.mu)
         3     4.11719482E+01   # delta mt/mt (mu^2)
         4     1.18331925E-01   # delta mt/mt  (B.mu)
#
BLOCK NMIX  # Neutralino Mixing Matrix
  1  1     9.95712236E-01   # N_11
  1  2    -1.20882075E-02   # N_12
  1  3     8.61446227E-02   # N_13
  1  4    -3.14662127E-02   # N_14
  2  1     3.68238832E-02   # N_21
  2  2     9.58508184E-01   # N_22
  2  3    -2.32294161E-01   # N_23
  2  4     1.61076026E-01   # N_24
  3  1     3.78150962E-02   # N_31
  3  2    -5.28702087E-02   # N_32
  3  3    -7.03146301E-01   # N_33
  3  4    -7.08067821E-01   # N_34
  4  1     7.59681737E-02   # N_41
  4  2    -2.79858318E-01   # N_42
  4  3    -6.66486164E-01   # N_43
  4  4     6.86807362E-01   # N_44
#
BLOCK UMIX  # Chargino Mixing Matrix U
  1  1    -9.43748681E-01   # U_11
  1  2     3.30663617E-01   # U_12
  2  1     3.30663617E-01   # U_21
  2  2     9.43748681E-01   # U_22
#
BLOCK VMIX  # Chargino Mixing Matrix V
  1  1    -9.73345840E-01   # V_11
  1  2     2.29342266E-01   # V_12
  2  1     2.29342266E-01   # V_21
  2  2     9.73345840E-01   # V_22
#
BLOCK STOPMIX  # Stop Mixing Matrix
  1  1     7.65500941E-02   # cos(theta_t)
  1  2     9.97065737E-01   # sin(theta_t)
  2  1    -9.97065737E-01   # -sin(theta_t)
  2  2     7.65500941E-02   # cos(theta_t)
#
BLOCK SBOTMIX  # Sbottom Mixing Matrix
  1  1     9.99827570E-01   # cos(theta_b)
  1  2     1.85695881E-02   # sin(theta_b)
  2  1    -1.85695881E-02   # -sin(theta_b)
  2  2     9.99827570E-01   # cos(theta_b)
#
BLOCK STAUMIX  # Stau Mixing Matrix
  1  1     5.52516140E-03   # cos(theta_tau)
  1  2     9.99984736E-01   # sin(theta_tau)
  2  1    -9.99984736E-01   # -sin(theta_tau)
  2  2     5.52516140E-03   # cos(theta_tau)
#
BLOCK ALPHA  # Higgs mixing
          -1.97276792E-02   # Mixing angle in the neutral Higgs boson sector
#
BLOCK HMIX Q=  3.83853752E+03  # DRbar Higgs Parameters
     1     5.84674105E+02   # mu(Q)
     2     5.16090796E+01   # tanbeta(Q)
     3     2.40554274E+02   # vev(Q)
     4     2.08928549E+06   # MA^2(Q)
#
BLOCK GAUGE Q=  3.83853752E+03  # The gauge couplings
     1     3.65183272E-01   # gprime(Q) DRbar
     2     6.44055136E-01   # g(Q) DRbar
     3     1.01143052E+00   # g_3(Q) DRbar
#
BLOCK Au Q=  3.83853752E+03  # The trilinear couplings
  1  1    -4.07581322E+03   # A_u(Q) DRbar
  2  2    -4.07581322E+03   # A_c(Q) DRbar
  3  3    -2.15949782E+03   # A_t(Q) DRbar
#
BLOCK Ad Q=  3.83853752E+03  # The trilinear couplings
  1  1    -4.20212543E+03   # A_d(Q) DRbar
  2  2    -4.20212543E+03   # A_s(Q) DRbar
  3  3    -2.61913981E+03   # A_b(Q) DRbar
#
BLOCK Ae Q=  3.83853752E+03  # The trilinear couplings
  1  1    -3.27357232E+03   # A_e(Q) DRbar
  2  2    -3.27357232E+03   # A_mu(Q) DRbar
  3  3    -2.11415906E+03   # A_tau(Q) DRbar
#
BLOCK Yu Q=  3.83853752E+03  # The Yukawa couplings
  3  3     8.21113636E-01   # y_top(Q) DRbar
#
BLOCK Yd Q=  3.83853752E+03  # The Yukawa couplings
  3  3     6.77280219E-01   # y_b(Q) DRbar
#
BLOCK Ye Q=  3.83853752E+03  # The Yukawa couplings
  3  3     5.40658948E-01   # y_tau(Q) DRbar
#
BLOCK MSOFT Q=  3.83853752E+03  # soft SUSY breaking masses at the scale Q
         1     2.08365029E+02   # M_1
         2     3.85146879E+02   # M_2
         3     1.00301984E+03   # M_3
        21     1.35780466E+06   # M^2_Hd
        22     2.01949924E+04   # M^2_Hu
        31     6.16037178E+03   # M_eL
        32     6.16037178E+03   # M_muL
        33     5.25335689E+03   # M_tauL
        34     6.17367449E+03   # M_eR
        35     6.17367449E+03   # M_muR
        36     4.14569861E+03   # M_tauR
        41     6.11911422E+03   # M_q1L
        42     6.11911422E+03   # M_q2L
        43     4.09270778E+03   # M_q3L
        44     6.13646602E+03   # M_uR
        45     6.13646602E+03   # M_cR
        46     3.59657559E+03   # M_tR
        47     6.13968216E+03   # M_dR
        48     6.13968216E+03   # M_sR
        49     4.54886962E+03   # M_bR
