             SUSPECT2.4 OUTPUT: MSUGRA CASE
             ------------------------------

Input values:
-------------
  m_0        m_1/2      A_0        tan(beta)  sign(mu)
  5000.      700.0     -8300.      10.00      1.000    

  M_top      mb_mb      M_tau      1/alpha    sw**2(M_Z)   alpha_S
  173.3      4.000      1.777      127.93     0.2221       0.1180    

  M_GUT      M_EWSB     E_LOW       (input or ouput scales)
 0.1836E+17  1960.      91.19    

Fermion masses and gauge couplings: Q=HIGH/EWSB
---------------------------------------------
  M_top      M_bot      M_tau        g1         g2         g3
  71.61     0.9628      1.297     0.7062     0.7062     0.6970    
  141.9      2.200      1.735     0.4695     0.6395      1.024    

mu parameter and soft terms at M_EWSB:
--------------------------------------
  mu         B          M^2_Hu       M^2_Hd
  110.0      981.1    -0.1086E+06   0.9179E+06

  M_1        M_2        M_3
  308.6      565.6      1505.    

  m_tauR     m_tauL     m_bR       m_tR       m_QL
  4724.      5064.      4952.      1095.      3516.    

  m_eR       m_eL       m_dR       m_uR       m_qL
  4794.      5096.      5013.      5207.      5042.    

  Atau       Abottom    Atop       Al         Ad         Au
 -8559.     -9006.     -4092.     -8628.    -0.1006E+05 -7082.    

Mass matrices and mixing angles:
--------------------------------
  tan(beta)  alpha_(h,H)
  9.564    -0.1068    

  thet_tau    thet_b           thet_t
  1.566     0.1840E-02  1.516    

  Z(i,j)
  0.1535     -0.1121      0.7256     -0.6613    
  0.6645E-01 -0.6917E-01 -0.6839     -0.7232    
  0.9857      0.4156E-01 -0.6614E-01  0.1491    
  0.1935E-01 -0.9904     -0.3714E-01  0.1316    

  U(i,j)                  V(i,j)
 -0.5208E-01  0.9986     -0.1856      0.9826    
  0.9986      0.5208E-01  0.9826      0.1856    

Final Higgs and SUSY particle masses: 
------------------------------------- 
  h           H           A           H+
  127.77      1000.2      1000.0      1003.4    

  chi+_1     chi+_2     chi0_1     chi0_2     chi0_3     chi0_4
  109.1      617.4      100.8     -118.3      317.9      617.5    

  gluino
  1806.    

  stop_1     stop_2     sup_1      sup_2
  1180.      3550.      5080.      5246.    

  sbot_1     sbot_2     sdown_1    sdown_2
  3549.      4991.      5081.      5052.    

  stau_1     stau_2     snutau     selec_1    selec_2    snuelec
  4724.      5064.      5063.      5096.      4794.      5096.    

Low-energy/LEP precision parameter values:
 Delta_rho   g_mu -2   Br(b->s gamma)
 0.1976E-04 0.6904E-11 0.3623E-03
Fine-tuning values for info: fine-tuned if >>1
dmZ^2/mZ^2(mu^2) dmZ^2/mZ^2(B.mu) dmt/mt(mu)     dmt/mt(B.mu)
  3.030      5.140      1.515      2.560    

Warning/Error Flags: errmess(1)-(10):
-------------------------------------
   0. 0. 0. 0. 0. 0. 0. 0. 0. 0.
---------------------------------
errmess(i)= 0: Everything is fine.
errmess(1)=-1: tachyon 3rd gen. sfermion from RGE
errmess(2)=-1: tachyon 1,2 gen. sfermion from RGE
errmess(3)=-1: tachyon A    (maybe temporary: see final mass) 
errmess(4)=-1: tachyon 3rd gen. sfermion from mixing
errmess(5)=-1: mu unstable after many iter
errmess(6)=-1: non-convergent mu from EWSB 
errmess(7)=-1: EWSB maybe inconsistent        (!but RG-improved only check)
errmess(8)=-1: V_eff maybe UFB or CCB         (!but RG-improved only check)
errmess(9)=-1: Higgs boson masses are NaN 
errmess(10)=-1: RGE problems (non-pert and/or Landau poles)
